\BOOKMARK [0][-]{chapter.1}{Introduction}{}% 1
\BOOKMARK [1][-]{section.1.1}{Problem Statement}{chapter.1}% 2
\BOOKMARK [1][-]{section.1.2}{Our Hypothesis}{chapter.1}% 3
\BOOKMARK [1][-]{section.1.3}{Our Contribution}{chapter.1}% 4
\BOOKMARK [0][-]{chapter.2}{Background}{}% 5
\BOOKMARK [1][-]{section.2.1}{Liberalized Electricity Markets}{chapter.2}% 6
\BOOKMARK [1][-]{section.2.2}{Wind Power Generation}{chapter.2}% 7
\BOOKMARK [1][-]{section.2.3}{Time Series Forecasting}{chapter.2}% 8
\BOOKMARK [2][-]{subsection.2.3.1}{Model Evaluation}{section.2.3}% 9
\BOOKMARK [2][-]{subsection.2.3.2}{Accuracy Metrics}{section.2.3}% 10
\BOOKMARK [2][-]{subsection.2.3.3}{Forecasting Approaches}{section.2.3}% 11
\BOOKMARK [3][-]{subsubsection.2.3.3.1}{Baseline Approaches}{subsection.2.3.3}% 12
\BOOKMARK [3][-]{subsubsection.2.3.3.2}{Statistical Approaches}{subsection.2.3.3}% 13
\BOOKMARK [3][-]{subsubsection.2.3.3.3}{Machine Learning Approaches}{subsection.2.3.3}% 14
\BOOKMARK [3][-]{subsubsection.2.3.3.4}{Hybrid Approaches}{subsection.2.3.3}% 15
\BOOKMARK [2][-]{subsection.2.3.4}{Model Selection}{section.2.3}% 16
\BOOKMARK [1][-]{section.2.4}{Spatio-Temporal Forecasting}{chapter.2}% 17
\BOOKMARK [2][-]{subsection.2.4.1}{Accuracy Metrics}{section.2.4}% 18
\BOOKMARK [0][-]{chapter.3}{Use Case}{}% 19
\BOOKMARK [1][-]{section.3.1}{Requirements}{chapter.3}% 20
\BOOKMARK [1][-]{section.3.2}{Datasets}{chapter.3}% 21
\BOOKMARK [1][-]{section.3.3}{Exploratory Data Analysis}{chapter.3}% 22
\BOOKMARK [1][-]{section.3.4}{Consequences for the data pipeline design}{chapter.3}% 23
\BOOKMARK [0][-]{chapter.4}{Data Pipeline}{}% 24
\BOOKMARK [1][-]{section.4.1}{Data Engineering Pipeline}{chapter.4}% 25
\BOOKMARK [1][-]{section.4.2}{Data Science Pipeline}{chapter.4}% 26
\BOOKMARK [0][-]{chapter.5}{Experiments Settings}{}% 27
\BOOKMARK [0][-]{chapter.6}{Results}{}% 28
\BOOKMARK [0][-]{chapter.7}{Conclusion and Next Steps}{}% 29
\BOOKMARK [0][-]{section*.31}{Bibliography}{}% 30
\BOOKMARK [0][-]{appendix.A}{Extra Information}{}% 31
